This file contains any messages produced by compilers while
running configure, to aid debugging if configure makes a mistake.

It was created by expat configure 2.2.9, which was
generated by GNU Autoconf 2.69.  Invocation command line was

  $ ./configure --prefix=/home/ubuntu/dbus-demo/lib/expat

## --------- ##
## Platform. ##
## --------- ##

hostname = server
uname -m = x86_64
uname -r = 5.4.0-164-generic
uname -s = Linux
uname -v = #181-Ubuntu SMP Fri Sep 1 13:41:22 UTC 2023

/usr/bin/uname -p = x86_64
/bin/uname -X     = unknown

/bin/arch              = x86_64
/usr/bin/arch -k       = unknown
/usr/convex/getsysinfo = unknown
/usr/bin/hostinfo      = unknown
/bin/machine           = unknown
/usr/bin/oslevel       = unknown
/bin/universe          = unknown

PATH: /home/ubuntu/.local/bin
PATH: /usr/local/sbin
PATH: /usr/local/bin
PATH: /usr/sbin
PATH: /usr/bin
PATH: /sbin
PATH: /bin
PATH: /usr/games
PATH: /usr/local/games
PATH: /snap/bin


## ----------- ##
## Core tests. ##
## ----------- ##

configure:2488: checking build system type
configure:2502: result: x86_64-pc-linux-gnu
configure:2522: checking host system type
configure:2535: result: x86_64-pc-linux-gnu
configure:2571: checking for a BSD-compatible install
configure:2639: result: /usr/bin/install -c
configure:2650: checking whether build environment is sane
configure:2705: result: yes
configure:2854: checking for a thread-safe mkdir -p
configure:2893: result: /usr/bin/mkdir -p
configure:2900: checking for gawk
configure:2916: found /usr/bin/gawk
configure:2927: result: gawk
configure:2938: checking whether make sets $(MAKE)
configure:2960: result: yes
configure:2989: checking whether make supports nested variables
configure:3006: result: yes
configure:3163: : CPPFLAGS="$CPPFLAGS"
configure:3166: $? = 0
configure:3173: checking whether make supports the include directive
configure:3188: make -f confmf.GNU && cat confinc.out
this is the am__doit target
configure:3191: $? = 0
configure:3210: result: yes (GNU style)
configure:3280: checking for gcc
configure:3296: found /usr/bin/gcc
configure:3307: result: gcc
configure:3536: checking for C compiler version
configure:3545: gcc --version >&5
gcc (Ubuntu 9.4.0-1ubuntu1~20.04.2) 9.4.0
Copyright (C) 2019 Free Software Foundation, Inc.
This is free software; see the source for copying conditions.  There is NO
warranty; not even for MERCHANTABILITY or FITNESS FOR A PARTICULAR PURPOSE.

configure:3556: $? = 0
configure:3545: gcc -v >&5
Using built-in specs.
COLLECT_GCC=gcc
COLLECT_LTO_WRAPPER=/usr/lib/gcc/x86_64-linux-gnu/9/lto-wrapper
OFFLOAD_TARGET_NAMES=nvptx-none:hsa
OFFLOAD_TARGET_DEFAULT=1
Target: x86_64-linux-gnu
Configured with: ../src/configure -v --with-pkgversion='Ubuntu 9.4.0-1ubuntu1~20.04.2' --with-bugurl=file:///usr/share/doc/gcc-9/README.Bugs --enable-languages=c,ada,c++,go,brig,d,fortran,objc,obj-c++,gm2 --prefix=/usr --with-gcc-major-version-only --program-suffix=-9 --program-prefix=x86_64-linux-gnu- --enable-shared --enable-linker-build-id --libexecdir=/usr/lib --without-included-gettext --enable-threads=posix --libdir=/usr/lib --enable-nls --enable-clocale=gnu --enable-libstdcxx-debug --enable-libstdcxx-time=yes --with-default-libstdcxx-abi=new --enable-gnu-unique-object --disable-vtable-verify --enable-plugin --enable-default-pie --with-system-zlib --with-target-system-zlib=auto --enable-objc-gc=auto --enable-multiarch --disable-werror --with-arch-32=i686 --with-abi=m64 --with-multilib-list=m32,m64,mx32 --enable-multilib --with-tune=generic --enable-offload-targets=nvptx-none=/build/gcc-9-9QDOt0/gcc-9-9.4.0/debian/tmp-nvptx/usr,hsa --without-cuda-driver --enable-checking=release --build=x86_64-linux-gnu --host=x86_64-linux-gnu --target=x86_64-linux-gnu
Thread model: posix
gcc version 9.4.0 (Ubuntu 9.4.0-1ubuntu1~20.04.2) 
configure:3556: $? = 0
configure:3545: gcc -V >&5
gcc: error: unrecognized command line option '-V'
gcc: fatal error: no input files
compilation terminated.
configure:3556: $? = 1
configure:3545: gcc -qversion >&5
gcc: error: unrecognized command line option '-qversion'; did you mean '--version'?
gcc: fatal error: no input files
compilation terminated.
configure:3556: $? = 1
configure:3576: checking whether the C compiler works
configure:3598: gcc  -DHAVE_EXPAT_CONFIG_H  conftest.c  >&5
configure:3602: $? = 0
configure:3650: result: yes
configure:3653: checking for C compiler default output file name
configure:3655: result: a.out
configure:3661: checking for suffix of executables
configure:3668: gcc -o conftest  -DHAVE_EXPAT_CONFIG_H  conftest.c  >&5
configure:3672: $? = 0
configure:3694: result: 
configure:3716: checking whether we are cross compiling
configure:3724: gcc -o conftest  -DHAVE_EXPAT_CONFIG_H  conftest.c  >&5
configure:3728: $? = 0
configure:3735: ./conftest
configure:3739: $? = 0
configure:3727: result: no
configure:3732: checking for suffix of object files
configure:3754: gcc -c  -DHAVE_EXPAT_CONFIG_H conftest.c >&5
configure:3758: $? = 0
configure:3779: result: o
configure:3783: checking whether we are using the GNU C compiler
configure:3802: gcc -c  -DHAVE_EXPAT_CONFIG_H conftest.c >&5
configure:3802: $? = 0
configure:3811: result: yes
configure:3820: checking whether gcc accepts -g
configure:3840: gcc -c -g -DHAVE_EXPAT_CONFIG_H conftest.c >&5
configure:3840: $? = 0
configure:3881: result: yes
configure:3898: checking for gcc option to accept ISO C89
configure:3961: gcc  -c -g -O2 -DHAVE_EXPAT_CONFIG_H conftest.c >&5
configure:3961: $? = 0
configure:3974: result: none needed
configure:3999: checking whether gcc understands -c and -o together
configure:4021: gcc -c conftest.c -o conftest2.o
configure:4024: $? = 0
configure:4021: gcc -c conftest.c -o conftest2.o
configure:4024: $? = 0
configure:4036: result: yes
configure:4055: checking dependency style of gcc
configure:4166: result: gcc3
configure:4231: checking for ar
configure:4247: found /usr/bin/ar
configure:4258: result: ar
configure:4284: checking the archiver (ar) interface
configure:4300: gcc -c -g -O2 -DHAVE_EXPAT_CONFIG_H conftest.c >&5
configure:4300: $? = 0
configure:4302: ar cru libconftest.a conftest.o >&5
ar: `u' modifier ignored since `D' is the default (see `U')
configure:4305: $? = 0
configure:4304: result: ar
configure:4325: checking whether ln -s works
configure:4329: result: yes
configure:4336: checking whether make sets $(MAKE)
configure:4358: result: yes
configure:4415: checking how to print strings
configure:4442: result: printf
configure:4463: checking for a sed that does not truncate output
configure:4527: result: /usr/bin/sed
configure:4545: checking for grep that handles long lines and -e
configure:4603: result: /usr/bin/grep
configure:4608: checking for egrep
configure:4670: result: /usr/bin/grep -E
configure:4675: checking for fgrep
configure:4737: result: /usr/bin/grep -F
configure:4772: checking for ld used by gcc
configure:4839: result: /usr/bin/ld
configure:4846: checking if the linker (/usr/bin/ld) is GNU ld
configure:4861: result: yes
configure:4873: checking for BSD- or MS-compatible name lister (nm)
configure:4927: result: /usr/bin/nm -B
configure:5057: checking the name lister (/usr/bin/nm -B) interface
configure:5064: gcc -c -g -O2 -DHAVE_EXPAT_CONFIG_H conftest.c >&5
configure:5067: /usr/bin/nm -B "conftest.o"
configure:5070: output
0000000000000000 B some_variable
configure:5071: result: BSD nm
configure:5075: checking the maximum length of command line arguments
configure:5211: result: 1572864
configure:5259: checking how to convert x86_64-pc-linux-gnu file names to x86_64-pc-linux-gnu format
configure:5299: result: func_convert_file_noop
configure:5306: checking how to convert x86_64-pc-linux-gnu file names to toolchain format
configure:5326: result: func_convert_file_noop
configure:5333: checking for /usr/bin/ld option to reload object files
configure:5340: result: -r
configure:5414: checking for objdump
configure:5430: found /usr/bin/objdump
configure:5441: result: objdump
configure:5470: checking how to recognize dependent libraries
configure:5670: result: pass_all
configure:5755: checking for dlltool
configure:5785: result: no
configure:5812: checking how to associate runtime and link libraries
configure:5839: result: printf %s\n
configure:5963: checking for archiver @FILE support
configure:5980: gcc -c -g -O2 -DHAVE_EXPAT_CONFIG_H conftest.c >&5
configure:5980: $? = 0
configure:5983: ar cru libconftest.a @conftest.lst >&5
ar: `u' modifier ignored since `D' is the default (see `U')
configure:5986: $? = 0
configure:5991: ar cru libconftest.a @conftest.lst >&5
ar: `u' modifier ignored since `D' is the default (see `U')
ar: conftest.o: No such file or directory
configure:5994: $? = 1
configure:5993: result: @
configure:6051: checking for strip
configure:6067: found /usr/bin/strip
configure:6078: result: strip
configure:6150: checking for ranlib
configure:6166: found /usr/bin/ranlib
configure:6177: result: ranlib
configure:6279: checking command to parse /usr/bin/nm -B output from gcc object
configure:6432: gcc -c -g -O2 -DHAVE_EXPAT_CONFIG_H conftest.c >&5
configure:6435: $? = 0
configure:6439: /usr/bin/nm -B conftest.o \| sed -n -e 's/^.*[ ]\([ABCDGIRSTW][ABCDGIRSTW]*\)[ ][ ]*\([_A-Za-z][_A-Za-z0-9]*\)$/\1 \2 \2/p' | sed '/ __gnu_lto/d' \> conftest.nm
configure:6442: $? = 0
configure:6508: gcc -o conftest -g -O2 -DHAVE_EXPAT_CONFIG_H  conftest.c conftstm.o >&5
configure:6511: $? = 0
configure:6549: result: ok
configure:6596: checking for sysroot
configure:6626: result: no
configure:6633: checking for a working dd
configure:6671: result: /usr/bin/dd
configure:6675: checking how to truncate binary pipes
configure:6690: result: /usr/bin/dd bs=4096 count=1
configure:6826: gcc -c -g -O2 -DHAVE_EXPAT_CONFIG_H conftest.c >&5
configure:6829: $? = 0
configure:7019: checking for mt
configure:7035: found /usr/bin/mt
configure:7046: result: mt
configure:7069: checking if mt is a manifest tool
configure:7075: mt '-?'
configure:7083: result: no
configure:7760: checking how to run the C preprocessor
configure:7791: gcc -E -DHAVE_EXPAT_CONFIG_H conftest.c
configure:7791: $? = 0
configure:7805: gcc -E -DHAVE_EXPAT_CONFIG_H conftest.c
conftest.c:11:10: fatal error: ac_nonexistent.h: No such file or directory
   11 | #include <ac_nonexistent.h>
      |          ^~~~~~~~~~~~~~~~~~
compilation terminated.
configure:7805: $? = 1
configure: failed program was:
| /* confdefs.h */
| #define PACKAGE_NAME "expat"
| #define PACKAGE_TARNAME "expat"
| #define PACKAGE_VERSION "2.2.9"
| #define PACKAGE_STRING "expat 2.2.9"
| #define PACKAGE_BUGREPORT "expat-bugs@libexpat.org"
| #define PACKAGE_URL ""
| #define PACKAGE "expat"
| #define VERSION "2.2.9"
| /* end confdefs.h.  */
| #include <ac_nonexistent.h>
configure:7830: result: gcc -E
configure:7850: gcc -E -DHAVE_EXPAT_CONFIG_H conftest.c
configure:7850: $? = 0
configure:7864: gcc -E -DHAVE_EXPAT_CONFIG_H conftest.c
conftest.c:11:10: fatal error: ac_nonexistent.h: No such file or directory
   11 | #include <ac_nonexistent.h>
      |          ^~~~~~~~~~~~~~~~~~
compilation terminated.
configure:7864: $? = 1
configure: failed program was:
| /* confdefs.h */
| #define PACKAGE_NAME "expat"
| #define PACKAGE_TARNAME "expat"
| #define PACKAGE_VERSION "2.2.9"
| #define PACKAGE_STRING "expat 2.2.9"
| #define PACKAGE_BUGREPORT "expat-bugs@libexpat.org"
| #define PACKAGE_URL ""
| #define PACKAGE "expat"
| #define VERSION "2.2.9"
| /* end confdefs.h.  */
| #include <ac_nonexistent.h>
configure:7893: checking for ANSI C header files
configure:7913: gcc -c -g -O2 -DHAVE_EXPAT_CONFIG_H conftest.c >&5
configure:7913: $? = 0
configure:7986: gcc -o conftest -g -O2 -DHAVE_EXPAT_CONFIG_H  conftest.c  >&5
configure:7986: $? = 0
configure:7986: ./conftest
configure:7986: $? = 0
configure:7997: result: yes
configure:8010: checking for sys/types.h
configure:8010: gcc -c -g -O2 -DHAVE_EXPAT_CONFIG_H conftest.c >&5
configure:8010: $? = 0
configure:8010: result: yes
configure:8010: checking for sys/stat.h
configure:8010: gcc -c -g -O2 -DHAVE_EXPAT_CONFIG_H conftest.c >&5
configure:8010: $? = 0
configure:8010: result: yes
configure:8010: checking for stdlib.h
configure:8010: gcc -c -g -O2 -DHAVE_EXPAT_CONFIG_H conftest.c >&5
configure:8010: $? = 0
configure:8010: result: yes
configure:8010: checking for string.h
configure:8010: gcc -c -g -O2 -DHAVE_EXPAT_CONFIG_H conftest.c >&5
configure:8010: $? = 0
configure:8010: result: yes
configure:8010: checking for memory.h
configure:8010: gcc -c -g -O2 -DHAVE_EXPAT_CONFIG_H conftest.c >&5
configure:8010: $? = 0
configure:8010: result: yes
configure:8010: checking for strings.h
configure:8010: gcc -c -g -O2 -DHAVE_EXPAT_CONFIG_H conftest.c >&5
configure:8010: $? = 0
configure:8010: result: yes
configure:8010: checking for inttypes.h
configure:8010: gcc -c -g -O2 -DHAVE_EXPAT_CONFIG_H conftest.c >&5
configure:8010: $? = 0
configure:8010: result: yes
configure:8010: checking for stdint.h
configure:8010: gcc -c -g -O2 -DHAVE_EXPAT_CONFIG_H conftest.c >&5
configure:8010: $? = 0
configure:8010: result: yes
configure:8010: checking for unistd.h
configure:8010: gcc -c -g -O2 -DHAVE_EXPAT_CONFIG_H conftest.c >&5
configure:8010: $? = 0
configure:8010: result: yes
configure:8024: checking for dlfcn.h
configure:8024: gcc -c -g -O2 -DHAVE_EXPAT_CONFIG_H conftest.c >&5
configure:8024: $? = 0
configure:8024: result: yes
configure:8578: checking for objdir
configure:8593: result: .libs
configure:8857: checking if gcc supports -fno-rtti -fno-exceptions
configure:8875: gcc -c -g -O2 -DHAVE_EXPAT_CONFIG_H -fno-rtti -fno-exceptions conftest.c >&5
cc1: warning: command line option '-fno-rtti' is valid for C++/D/ObjC++ but not for C
configure:8879: $? = 0
configure:8892: result: no
configure:9250: checking for gcc option to produce PIC
configure:9257: result: -fPIC -DPIC
configure:9265: checking if gcc PIC flag -fPIC -DPIC works
configure:9283: gcc -c -g -O2 -DHAVE_EXPAT_CONFIG_H -fPIC -DPIC -DPIC conftest.c >&5
configure:9287: $? = 0
configure:9300: result: yes
configure:9329: checking if gcc static flag -static works
configure:9357: result: yes
configure:9372: checking if gcc supports -c -o file.o
configure:9393: gcc -c -g -O2 -DHAVE_EXPAT_CONFIG_H -o out/conftest2.o conftest.c >&5
configure:9397: $? = 0
configure:9419: result: yes
configure:9427: checking if gcc supports -c -o file.o
configure:9474: result: yes
configure:9507: checking whether the gcc linker (/usr/bin/ld -m elf_x86_64) supports shared libraries
configure:10766: result: yes
configure:10803: checking whether -lc should be explicitly linked in
configure:10811: gcc -c -g -O2 -DHAVE_EXPAT_CONFIG_H conftest.c >&5
configure:10814: $? = 0
configure:10829: gcc -shared  -fPIC -DPIC conftest.o  -v -Wl,-soname -Wl,conftest -o conftest 2\>\&1 \| /usr/bin/grep  -lc  \>/dev/null 2\>\&1
configure:10832: $? = 0
configure:10846: result: no
configure:11006: checking dynamic linker characteristics
configure:11600: gcc -o conftest -g -O2 -DHAVE_EXPAT_CONFIG_H  -Wl,-rpath -Wl,/foo conftest.c  >&5
configure:11600: $? = 0
configure:11837: result: GNU/Linux ld.so
configure:11959: checking how to hardcode library paths into programs
configure:11984: result: immediate
configure:12532: checking whether stripping libraries is possible
configure:12537: result: yes
configure:12572: checking if libtool supports shared libraries
configure:12574: result: yes
configure:12577: checking whether to build shared libraries
configure:12602: result: yes
configure:12605: checking whether to build static libraries
configure:12609: result: yes
configure:9436: checking for gcc option to accept ISO C99
configure:9585: gcc  -c -g -O2 -DHAVE_EXPAT_CONFIG_H conftest.c >&5
configure:9585: $? = 0
configure:9598: result: none needed
configure:9620: checking whether C compiler accepts -Wall
configure:9639: gcc -c -g -O2  -Wall -DHAVE_EXPAT_CONFIG_H conftest.c >&5
configure:9639: $? = 0
configure:9648: result: yes
configure:9664: : CFLAGS="$CFLAGS"
configure:9667: $? = 0
configure:9620: checking whether C compiler accepts -Wextra
configure:9639: gcc -c -g -O2 -Wall  -Wextra -DHAVE_EXPAT_CONFIG_H conftest.c >&5
configure:9639: $? = 0
configure:9648: result: yes
configure:9664: : CFLAGS="$CFLAGS"
configure:9667: $? = 0
configure:9695: checking whether C compiler accepts -fexceptions
configure:9714: gcc -c -g -O2 -Wall -Wextra  -fexceptions -DHAVE_EXPAT_CONFIG_H conftest.c >&5
configure:9714: $? = 0
configure:9723: result: yes
configure:9739: : CFLAGS="$CFLAGS"
configure:9742: $? = 0
configure:9770: checking whether C compiler accepts -fno-strict-aliasing
configure:9789: gcc -c -g -O2 -Wall -Wextra -fexceptions  -fno-strict-aliasing -DHAVE_EXPAT_CONFIG_H conftest.c >&5
configure:9789: $? = 0
configure:9798: result: yes
configure:9814: : CFLAGS="$CFLAGS"
configure:9817: $? = 0
configure:9770: checking whether C compiler accepts -Wmissing-prototypes
configure:9789: gcc -c -g -O2 -Wall -Wextra -fexceptions -fno-strict-aliasing  -Wmissing-prototypes -DHAVE_EXPAT_CONFIG_H conftest.c >&5
configure:9789: $? = 0
configure:9798: result: yes
configure:9814: : CFLAGS="$CFLAGS"
configure:9817: $? = 0
configure:9770: checking whether C compiler accepts -Wstrict-prototypes
configure:9789: gcc -c -g -O2 -Wall -Wextra -fexceptions -fno-strict-aliasing -Wmissing-prototypes  -Wstrict-prototypes -DHAVE_EXPAT_CONFIG_H conftest.c >&5
conftest.c:25:1: warning: function declaration isn't a prototype [-Wstrict-prototypes]
   25 | main ()
      | ^~~~
configure:9789: $? = 0
configure:9798: result: yes
configure:9814: : CFLAGS="$CFLAGS"
configure:9817: $? = 0
configure:9845: checking whether C compiler accepts -pedantic
configure:9864: gcc -c -g -O2 -Wall -Wextra -fexceptions -fno-strict-aliasing -Wmissing-prototypes -Wstrict-prototypes  -pedantic -DHAVE_EXPAT_CONFIG_H conftest.c >&5
conftest.c:25:1: warning: function declaration isn't a prototype [-Wstrict-prototypes]
   25 | main ()
      | ^~~~
configure:9864: $? = 0
configure:9873: result: yes
configure:9889: : CFLAGS="$CFLAGS"
configure:9892: $? = 0
configure:9845: checking whether C compiler accepts -Wduplicated-cond
configure:9864: gcc -c -g -O2 -Wall -Wextra -fexceptions -fno-strict-aliasing -Wmissing-prototypes -Wstrict-prototypes -pedantic  -Wduplicated-cond -DHAVE_EXPAT_CONFIG_H conftest.c >&5
conftest.c:25:1: warning: function declaration isn't a prototype [-Wstrict-prototypes]
   25 | main ()
      | ^~~~
configure:9864: $? = 0
configure:9873: result: yes
configure:9889: : CFLAGS="$CFLAGS"
configure:9892: $? = 0
configure:9845: checking whether C compiler accepts -Wduplicated-branches
configure:9864: gcc -c -g -O2 -Wall -Wextra -fexceptions -fno-strict-aliasing -Wmissing-prototypes -Wstrict-prototypes -pedantic -Wduplicated-cond  -Wduplicated-branches -DHAVE_EXPAT_CONFIG_H conftest.c >&5
conftest.c:25:1: warning: function declaration isn't a prototype [-Wstrict-prototypes]
   25 | main ()
      | ^~~~
configure:9864: $? = 0
configure:9873: result: yes
configure:9889: : CFLAGS="$CFLAGS"
configure:9892: $? = 0
configure:9845: checking whether C compiler accepts -Wlogical-op
configure:9864: gcc -c -g -O2 -Wall -Wextra -fexceptions -fno-strict-aliasing -Wmissing-prototypes -Wstrict-prototypes -pedantic -Wduplicated-cond -Wduplicated-branches  -Wlogical-op -DHAVE_EXPAT_CONFIG_H conftest.c >&5
conftest.c:25:1: warning: function declaration isn't a prototype [-Wstrict-prototypes]
   25 | main ()
      | ^~~~
configure:9864: $? = 0
configure:9873: result: yes
configure:9889: : CFLAGS="$CFLAGS"
configure:9892: $? = 0
configure:9920: checking whether C compiler accepts -Wrestrict
configure:9939: gcc -c -g -O2 -Wall -Wextra -fexceptions -fno-strict-aliasing -Wmissing-prototypes -Wstrict-prototypes -pedantic -Wduplicated-cond -Wduplicated-branches -Wlogical-op  -Wrestrict -DHAVE_EXPAT_CONFIG_H conftest.c >&5
conftest.c:25:1: warning: function declaration isn't a prototype [-Wstrict-prototypes]
   25 | main ()
      | ^~~~
configure:9939: $? = 0
configure:9948: result: yes
configure:9964: : CFLAGS="$CFLAGS"
configure:9967: $? = 0
configure:9920: checking whether C compiler accepts -Wnull-dereference
configure:9939: gcc -c -g -O2 -Wall -Wextra -fexceptions -fno-strict-aliasing -Wmissing-prototypes -Wstrict-prototypes -pedantic -Wduplicated-cond -Wduplicated-branches -Wlogical-op -Wrestrict  -Wnull-dereference -DHAVE_EXPAT_CONFIG_H conftest.c >&5
conftest.c:25:1: warning: function declaration isn't a prototype [-Wstrict-prototypes]
   25 | main ()
      | ^~~~
configure:9939: $? = 0
configure:9948: result: yes
configure:9964: : CFLAGS="$CFLAGS"
configure:9967: $? = 0
configure:9920: checking whether C compiler accepts -Wjump-misses-init
configure:9939: gcc -c -g -O2 -Wall -Wextra -fexceptions -fno-strict-aliasing -Wmissing-prototypes -Wstrict-prototypes -pedantic -Wduplicated-cond -Wduplicated-branches -Wlogical-op -Wrestrict -Wnull-dereference  -Wjump-misses-init -DHAVE_EXPAT_CONFIG_H conftest.c >&5
conftest.c:25:1: warning: function declaration isn't a prototype [-Wstrict-prototypes]
   25 | main ()
      | ^~~~
configure:9939: $? = 0
configure:9948: result: yes
configure:9964: : CFLAGS="$CFLAGS"
configure:9967: $? = 0
configure:9920: checking whether C compiler accepts -Wdouble-promotion
configure:9939: gcc -c -g -O2 -Wall -Wextra -fexceptions -fno-strict-aliasing -Wmissing-prototypes -Wstrict-prototypes -pedantic -Wduplicated-cond -Wduplicated-branches -Wlogical-op -Wrestrict -Wnull-dereference -Wjump-misses-init  -Wdouble-promotion -DHAVE_EXPAT_CONFIG_H conftest.c >&5
conftest.c:25:1: warning: function declaration isn't a prototype [-Wstrict-prototypes]
   25 | main ()
      | ^~~~
configure:9939: $? = 0
configure:9948: result: yes
configure:9964: : CFLAGS="$CFLAGS"
configure:9967: $? = 0
configure:9995: checking whether C compiler accepts -Wshadow
configure:10014: gcc -c -g -O2 -Wall -Wextra -fexceptions -fno-strict-aliasing -Wmissing-prototypes -Wstrict-prototypes -pedantic -Wduplicated-cond -Wduplicated-branches -Wlogical-op -Wrestrict -Wnull-dereference -Wjump-misses-init -Wdouble-promotion  -Wshadow -DHAVE_EXPAT_CONFIG_H conftest.c >&5
conftest.c:25:1: warning: function declaration isn't a prototype [-Wstrict-prototypes]
   25 | main ()
      | ^~~~
configure:10014: $? = 0
configure:10023: result: yes
configure:10039: : CFLAGS="$CFLAGS"
configure:10042: $? = 0
configure:9995: checking whether C compiler accepts -Wformat=2
configure:10014: gcc -c -g -O2 -Wall -Wextra -fexceptions -fno-strict-aliasing -Wmissing-prototypes -Wstrict-prototypes -pedantic -Wduplicated-cond -Wduplicated-branches -Wlogical-op -Wrestrict -Wnull-dereference -Wjump-misses-init -Wdouble-promotion -Wshadow  -Wformat=2 -DHAVE_EXPAT_CONFIG_H conftest.c >&5
conftest.c:25:1: warning: function declaration isn't a prototype [-Wstrict-prototypes]
   25 | main ()
      | ^~~~
configure:10014: $? = 0
configure:10023: result: yes
configure:10039: : CFLAGS="$CFLAGS"
configure:10042: $? = 0
configure:9995: checking whether C compiler accepts -Wmisleading-indentation
configure:10014: gcc -c -g -O2 -Wall -Wextra -fexceptions -fno-strict-aliasing -Wmissing-prototypes -Wstrict-prototypes -pedantic -Wduplicated-cond -Wduplicated-branches -Wlogical-op -Wrestrict -Wnull-dereference -Wjump-misses-init -Wdouble-promotion -Wshadow -Wformat=2  -Wmisleading-indentation -DHAVE_EXPAT_CONFIG_H conftest.c >&5
conftest.c:25:1: warning: function declaration isn't a prototype [-Wstrict-prototypes]
   25 | main ()
      | ^~~~
configure:10014: $? = 0
configure:10023: result: yes
configure:10039: : CFLAGS="$CFLAGS"
configure:10042: $? = 0
configure:10130: checking for g++
configure:10146: found /usr/bin/g++
configure:10157: result: g++
configure:10184: checking for C++ compiler version
configure:10193: g++ --version >&5
g++ (Ubuntu 9.4.0-1ubuntu1~20.04.2) 9.4.0
Copyright (C) 2019 Free Software Foundation, Inc.
This is free software; see the source for copying conditions.  There is NO
warranty; not even for MERCHANTABILITY or FITNESS FOR A PARTICULAR PURPOSE.

configure:10204: $? = 0
configure:10193: g++ -v >&5
Using built-in specs.
COLLECT_GCC=g++
COLLECT_LTO_WRAPPER=/usr/lib/gcc/x86_64-linux-gnu/9/lto-wrapper
OFFLOAD_TARGET_NAMES=nvptx-none:hsa
OFFLOAD_TARGET_DEFAULT=1
Target: x86_64-linux-gnu
Configured with: ../src/configure -v --with-pkgversion='Ubuntu 9.4.0-1ubuntu1~20.04.2' --with-bugurl=file:///usr/share/doc/gcc-9/README.Bugs --enable-languages=c,ada,c++,go,brig,d,fortran,objc,obj-c++,gm2 --prefix=/usr --with-gcc-major-version-only --program-suffix=-9 --program-prefix=x86_64-linux-gnu- --enable-shared --enable-linker-build-id --libexecdir=/usr/lib --without-included-gettext --enable-threads=posix --libdir=/usr/lib --enable-nls --enable-clocale=gnu --enable-libstdcxx-debug --enable-libstdcxx-time=yes --with-default-libstdcxx-abi=new --enable-gnu-unique-object --disable-vtable-verify --enable-plugin --enable-default-pie --with-system-zlib --with-target-system-zlib=auto --enable-objc-gc=auto --enable-multiarch --disable-werror --with-arch-32=i686 --with-abi=m64 --with-multilib-list=m32,m64,mx32 --enable-multilib --with-tune=generic --enable-offload-targets=nvptx-none=/build/gcc-9-9QDOt0/gcc-9-9.4.0/debian/tmp-nvptx/usr,hsa --without-cuda-driver --enable-checking=release --build=x86_64-linux-gnu --host=x86_64-linux-gnu --target=x86_64-linux-gnu
Thread model: posix
gcc version 9.4.0 (Ubuntu 9.4.0-1ubuntu1~20.04.2) 
configure:10204: $? = 0
configure:10193: g++ -V >&5
g++: error: unrecognized command line option '-V'
g++: fatal error: no input files
compilation terminated.
configure:10204: $? = 1
configure:10193: g++ -qversion >&5
g++: error: unrecognized command line option '-qversion'; did you mean '--version'?
g++: fatal error: no input files
compilation terminated.
configure:10204: $? = 1
configure:10208: checking whether we are using the GNU C++ compiler
configure:10227: g++ -c  -DHAVE_EXPAT_CONFIG_H conftest.cpp >&5
configure:10227: $? = 0
configure:10236: result: yes
configure:10245: checking whether g++ accepts -g
configure:10265: g++ -c -g -DHAVE_EXPAT_CONFIG_H conftest.cpp >&5
configure:10265: $? = 0
configure:10306: result: yes
configure:10331: checking dependency style of g++
configure:10442: result: gcc3
configure:10475: checking how to run the C++ preprocessor
configure:10502: g++ -E -DHAVE_EXPAT_CONFIG_H conftest.cpp
configure:10502: $? = 0
configure:10516: g++ -E -DHAVE_EXPAT_CONFIG_H conftest.cpp
conftest.cpp:23:10: fatal error: ac_nonexistent.h: No such file or directory
   23 | #include <ac_nonexistent.h>
      |          ^~~~~~~~~~~~~~~~~~
compilation terminated.
configure:10516: $? = 1
configure: failed program was:
| /* confdefs.h */
| #define PACKAGE_NAME "expat"
| #define PACKAGE_TARNAME "expat"
| #define PACKAGE_VERSION "2.2.9"
| #define PACKAGE_STRING "expat 2.2.9"
| #define PACKAGE_BUGREPORT "expat-bugs@libexpat.org"
| #define PACKAGE_URL ""
| #define PACKAGE "expat"
| #define VERSION "2.2.9"
| #define STDC_HEADERS 1
| #define HAVE_SYS_TYPES_H 1
| #define HAVE_SYS_STAT_H 1
| #define HAVE_STDLIB_H 1
| #define HAVE_STRING_H 1
| #define HAVE_MEMORY_H 1
| #define HAVE_STRINGS_H 1
| #define HAVE_INTTYPES_H 1
| #define HAVE_STDINT_H 1
| #define HAVE_UNISTD_H 1
| #define HAVE_DLFCN_H 1
| #define LT_OBJDIR ".libs/"
| /* end confdefs.h.  */
| #include <ac_nonexistent.h>
configure:10541: result: g++ -E
configure:10561: g++ -E -DHAVE_EXPAT_CONFIG_H conftest.cpp
configure:10561: $? = 0
configure:10575: g++ -E -DHAVE_EXPAT_CONFIG_H conftest.cpp
conftest.cpp:23:10: fatal error: ac_nonexistent.h: No such file or directory
   23 | #include <ac_nonexistent.h>
      |          ^~~~~~~~~~~~~~~~~~
compilation terminated.
configure:10575: $? = 1
configure: failed program was:
| /* confdefs.h */
| #define PACKAGE_NAME "expat"
| #define PACKAGE_TARNAME "expat"
| #define PACKAGE_VERSION "2.2.9"
| #define PACKAGE_STRING "expat 2.2.9"
| #define PACKAGE_BUGREPORT "expat-bugs@libexpat.org"
| #define PACKAGE_URL ""
| #define PACKAGE "expat"
| #define VERSION "2.2.9"
| #define STDC_HEADERS 1
| #define HAVE_SYS_TYPES_H 1
| #define HAVE_SYS_STAT_H 1
| #define HAVE_STDLIB_H 1
| #define HAVE_STRING_H 1
| #define HAVE_MEMORY_H 1
| #define HAVE_STRINGS_H 1
| #define HAVE_INTTYPES_H 1
| #define HAVE_STDINT_H 1
| #define HAVE_UNISTD_H 1
| #define HAVE_DLFCN_H 1
| #define LT_OBJDIR ".libs/"
| /* end confdefs.h.  */
| #include <ac_nonexistent.h>
configure:10737: checking for ld used by g++
configure:10804: result: /usr/bin/ld -m elf_x86_64
configure:10811: checking if the linker (/usr/bin/ld -m elf_x86_64) is GNU ld
configure:10826: result: yes
configure:10881: checking whether the g++ linker (/usr/bin/ld -m elf_x86_64) supports shared libraries
configure:11954: result: yes
configure:11990: g++ -c -g -O2 -DHAVE_EXPAT_CONFIG_H conftest.cpp >&5
configure:11993: $? = 0
configure:12474: checking for g++ option to produce PIC
configure:12481: result: -fPIC -DPIC
configure:12489: checking if g++ PIC flag -fPIC -DPIC works
configure:12507: g++ -c -g -O2 -DHAVE_EXPAT_CONFIG_H -fPIC -DPIC -DPIC conftest.cpp >&5
configure:12511: $? = 0
configure:12524: result: yes
configure:12547: checking if g++ static flag -static works
configure:12575: result: yes
configure:12587: checking if g++ supports -c -o file.o
configure:12608: g++ -c -g -O2 -DHAVE_EXPAT_CONFIG_H -o out/conftest2.o conftest.cpp >&5
configure:12612: $? = 0
configure:12634: result: yes
configure:12639: checking if g++ supports -c -o file.o
configure:12686: result: yes
configure:12716: checking whether the g++ linker (/usr/bin/ld -m elf_x86_64) supports shared libraries
configure:12756: result: yes
configure:12897: checking dynamic linker characteristics
configure:13655: result: GNU/Linux ld.so
configure:13720: checking how to hardcode library paths into programs
configure:13745: result: immediate
configure:12625: checking whether C++ compiler accepts -Wall
configure:12644: g++ -c -g -O2  -Wall -DHAVE_EXPAT_CONFIG_H conftest.cpp >&5
configure:12644: $? = 0
configure:12653: result: yes
configure:12669: : CXXFLAGS="$CXXFLAGS"
configure:12672: $? = 0
configure:12625: checking whether C++ compiler accepts -Wextra
configure:12644: g++ -c -g -O2 -Wall  -Wextra -DHAVE_EXPAT_CONFIG_H conftest.cpp >&5
configure:12644: $? = 0
configure:12653: result: yes
configure:12669: : CXXFLAGS="$CXXFLAGS"
configure:12672: $? = 0
configure:12700: checking whether C++ compiler accepts -fexceptions
configure:12719: g++ -c -g -O2 -Wall -Wextra  -fexceptions -DHAVE_EXPAT_CONFIG_H conftest.cpp >&5
configure:12719: $? = 0
configure:12728: result: yes
configure:12744: : CXXFLAGS="$CXXFLAGS"
configure:12747: $? = 0
configure:12775: checking whether C++ compiler accepts -fno-strict-aliasing
configure:12794: g++ -c -g -O2 -Wall -Wextra -fexceptions  -fno-strict-aliasing -DHAVE_EXPAT_CONFIG_H conftest.cpp >&5
configure:12794: $? = 0
configure:12803: result: yes
configure:12819: : CXXFLAGS="$CXXFLAGS"
configure:12822: $? = 0
configure:12859: checking whether the linker accepts -fno-strict-aliasing
configure:12878: gcc -o conftest -g -O2 -Wall -Wextra -fexceptions -fno-strict-aliasing -Wmissing-prototypes -Wstrict-prototypes -pedantic -Wduplicated-cond -Wduplicated-branches -Wlogical-op -Wrestrict -Wnull-dereference -Wjump-misses-init -Wdouble-promotion -Wshadow -Wformat=2 -Wmisleading-indentation -DHAVE_EXPAT_CONFIG_H   -fno-strict-aliasing conftest.c  >&5
conftest.c:25:1: warning: function declaration isn't a prototype [-Wstrict-prototypes]
   25 | main ()
      | ^~~~
configure:12878: $? = 0
configure:12888: result: yes
configure:12904: : LDFLAGS="$LDFLAGS"
configure:12907: $? = 0
configure:12943: checking whether compiler supports visibility
configure:12958: gcc -c -g -O2 -Wall -Wextra -fexceptions -fno-strict-aliasing -Wmissing-prototypes -Wstrict-prototypes -pedantic -Wduplicated-cond -Wduplicated-branches -Wlogical-op -Wrestrict -Wnull-dereference -Wjump-misses-init -Wdouble-promotion -Wshadow -Wformat=2 -Wmisleading-indentation -fvisibility=hidden -Wall -Werror -Wno-unknown-warning-option -DHAVE_EXPAT_CONFIG_H conftest.c >&5
configure:12958: $? = 0
configure:12964: result: yes
configure:12981: : CFLAGS="$CFLAGS"
configure:12984: $? = 0
configure:13013: : CFLAGS="$CFLAGS"
configure:13016: $? = 0
configure:13034: checking for ANSI C header files
configure:13138: result: yes
configure:13148: checking whether byte ordering is bigendian
configure:13163: gcc -c -g -O2 -Wall -Wextra -fexceptions -fno-strict-aliasing -Wmissing-prototypes -Wstrict-prototypes -pedantic -Wduplicated-cond -Wduplicated-branches -Wlogical-op -Wrestrict -Wnull-dereference -Wjump-misses-init -Wdouble-promotion -Wshadow -Wformat=2 -Wmisleading-indentation -fvisibility=hidden -DXML_ENABLE_VISIBILITY=1 -DHAVE_EXPAT_CONFIG_H conftest.c >&5
conftest.c:25:9: error: unknown type name 'not'
   25 |         not a universal capable compiler
      |         ^~~
conftest.c:25:15: error: expected '=', ',', ';', 'asm' or '__attribute__' before 'universal'
   25 |         not a universal capable compiler
      |               ^~~~~~~~~
conftest.c:25:15: error: unknown type name 'universal'
configure:13163: $? = 1
configure: failed program was:
| /* confdefs.h */
| #define PACKAGE_NAME "expat"
| #define PACKAGE_TARNAME "expat"
| #define PACKAGE_VERSION "2.2.9"
| #define PACKAGE_STRING "expat 2.2.9"
| #define PACKAGE_BUGREPORT "expat-bugs@libexpat.org"
| #define PACKAGE_URL ""
| #define PACKAGE "expat"
| #define VERSION "2.2.9"
| #define STDC_HEADERS 1
| #define HAVE_SYS_TYPES_H 1
| #define HAVE_SYS_STAT_H 1
| #define HAVE_STDLIB_H 1
| #define HAVE_STRING_H 1
| #define HAVE_MEMORY_H 1
| #define HAVE_STRINGS_H 1
| #define HAVE_INTTYPES_H 1
| #define HAVE_STDINT_H 1
| #define HAVE_UNISTD_H 1
| #define HAVE_DLFCN_H 1
| #define LT_OBJDIR ".libs/"
| #define STDC_HEADERS 1
| /* end confdefs.h.  */
| #ifndef __APPLE_CC__
| 	       not a universal capable compiler
| 	     #endif
| 	     typedef int dummy;
| 
configure:13208: gcc -c -g -O2 -Wall -Wextra -fexceptions -fno-strict-aliasing -Wmissing-prototypes -Wstrict-prototypes -pedantic -Wduplicated-cond -Wduplicated-branches -Wlogical-op -Wrestrict -Wnull-dereference -Wjump-misses-init -Wdouble-promotion -Wshadow -Wformat=2 -Wmisleading-indentation -fvisibility=hidden -DXML_ENABLE_VISIBILITY=1 -DHAVE_EXPAT_CONFIG_H conftest.c >&5
conftest.c:28:1: warning: function declaration isn't a prototype [-Wstrict-prototypes]
   28 | main ()
      | ^~~~
configure:13208: $? = 0
configure:13226: gcc -c -g -O2 -Wall -Wextra -fexceptions -fno-strict-aliasing -Wmissing-prototypes -Wstrict-prototypes -pedantic -Wduplicated-cond -Wduplicated-branches -Wlogical-op -Wrestrict -Wnull-dereference -Wjump-misses-init -Wdouble-promotion -Wshadow -Wformat=2 -Wmisleading-indentation -fvisibility=hidden -DXML_ENABLE_VISIBILITY=1 -DHAVE_EXPAT_CONFIG_H conftest.c >&5
conftest.c:28:1: warning: function declaration isn't a prototype [-Wstrict-prototypes]
   28 | main ()
      | ^~~~
conftest.c: In function 'main':
conftest.c:31:4: error: unknown type name 'not'; did you mean 'ino_t'?
   31 |    not big endian
      |    ^~~
      |    ino_t
conftest.c:31:12: error: expected '=', ',', ';', 'asm' or '__attribute__' before 'endian'
   31 |    not big endian
      |            ^~~~~~
configure:13226: $? = 1
configure: failed program was:
| /* confdefs.h */
| #define PACKAGE_NAME "expat"
| #define PACKAGE_TARNAME "expat"
| #define PACKAGE_VERSION "2.2.9"
| #define PACKAGE_STRING "expat 2.2.9"
| #define PACKAGE_BUGREPORT "expat-bugs@libexpat.org"
| #define PACKAGE_URL ""
| #define PACKAGE "expat"
| #define VERSION "2.2.9"
| #define STDC_HEADERS 1
| #define HAVE_SYS_TYPES_H 1
| #define HAVE_SYS_STAT_H 1
| #define HAVE_STDLIB_H 1
| #define HAVE_STRING_H 1
| #define HAVE_MEMORY_H 1
| #define HAVE_STRINGS_H 1
| #define HAVE_INTTYPES_H 1
| #define HAVE_STDINT_H 1
| #define HAVE_UNISTD_H 1
| #define HAVE_DLFCN_H 1
| #define LT_OBJDIR ".libs/"
| #define STDC_HEADERS 1
| /* end confdefs.h.  */
| #include <sys/types.h>
| 		#include <sys/param.h>
| 
| int
| main ()
| {
| #if BYTE_ORDER != BIG_ENDIAN
| 		 not big endian
| 		#endif
| 
|   ;
|   return 0;
| }
configure:13354: result: no
configure:13379: checking for an ANSI C-conforming const
configure:13445: gcc -c -g -O2 -Wall -Wextra -fexceptions -fno-strict-aliasing -Wmissing-prototypes -Wstrict-prototypes -pedantic -Wduplicated-cond -Wduplicated-branches -Wlogical-op -Wrestrict -Wnull-dereference -Wjump-misses-init -Wdouble-promotion -Wshadow -Wformat=2 -Wmisleading-indentation -fvisibility=hidden -DXML_ENABLE_VISIBILITY=1 -DHAVE_EXPAT_CONFIG_H conftest.c >&5
conftest.c:27:1: warning: function declaration isn't a prototype [-Wstrict-prototypes]
   27 | main ()
      | ^~~~
conftest.c: In function 'main':
conftest.c:53:36: warning: this condition has identical branches [-Wduplicated-branches]
   53 |     char const *s = 0 ? (char *) 0 : (char const *) 0;
      |                                    ^
configure:13445: $? = 0
configure:13452: result: yes
configure:13460: checking for size_t
configure:13460: gcc -c -g -O2 -Wall -Wextra -fexceptions -fno-strict-aliasing -Wmissing-prototypes -Wstrict-prototypes -pedantic -Wduplicated-cond -Wduplicated-branches -Wlogical-op -Wrestrict -Wnull-dereference -Wjump-misses-init -Wdouble-promotion -Wshadow -Wformat=2 -Wmisleading-indentation -fvisibility=hidden -DXML_ENABLE_VISIBILITY=1 -DHAVE_EXPAT_CONFIG_H conftest.c >&5
conftest.c:59:1: warning: function declaration isn't a prototype [-Wstrict-prototypes]
   59 | main ()
      | ^~~~
configure:13460: $? = 0
configure:13460: gcc -c -g -O2 -Wall -Wextra -fexceptions -fno-strict-aliasing -Wmissing-prototypes -Wstrict-prototypes -pedantic -Wduplicated-cond -Wduplicated-branches -Wlogical-op -Wrestrict -Wnull-dereference -Wjump-misses-init -Wdouble-promotion -Wshadow -Wformat=2 -Wmisleading-indentation -fvisibility=hidden -DXML_ENABLE_VISIBILITY=1 -DHAVE_EXPAT_CONFIG_H conftest.c >&5
conftest.c:59:1: warning: function declaration isn't a prototype [-Wstrict-prototypes]
   59 | main ()
      | ^~~~
conftest.c: In function 'main':
conftest.c:61:21: error: expected expression before ')' token
   61 | if (sizeof ((size_t)))
      |                     ^
configure:13460: $? = 1
configure: failed program was:
| /* confdefs.h */
| #define PACKAGE_NAME "expat"
| #define PACKAGE_TARNAME "expat"
| #define PACKAGE_VERSION "2.2.9"
| #define PACKAGE_STRING "expat 2.2.9"
| #define PACKAGE_BUGREPORT "expat-bugs@libexpat.org"
| #define PACKAGE_URL ""
| #define PACKAGE "expat"
| #define VERSION "2.2.9"
| #define STDC_HEADERS 1
| #define HAVE_SYS_TYPES_H 1
| #define HAVE_SYS_STAT_H 1
| #define HAVE_STDLIB_H 1
| #define HAVE_STRING_H 1
| #define HAVE_MEMORY_H 1
| #define HAVE_STRINGS_H 1
| #define HAVE_INTTYPES_H 1
| #define HAVE_STDINT_H 1
| #define HAVE_UNISTD_H 1
| #define HAVE_DLFCN_H 1
| #define LT_OBJDIR ".libs/"
| #define STDC_HEADERS 1
| #define BYTEORDER 1234
| /* end confdefs.h.  */
| #include <stdio.h>
| #ifdef HAVE_SYS_TYPES_H
| # include <sys/types.h>
| #endif
| #ifdef HAVE_SYS_STAT_H
| # include <sys/stat.h>
| #endif
| #ifdef STDC_HEADERS
| # include <stdlib.h>
| # include <stddef.h>
| #else
| # ifdef HAVE_STDLIB_H
| #  include <stdlib.h>
| # endif
| #endif
| #ifdef HAVE_STRING_H
| # if !defined STDC_HEADERS && defined HAVE_MEMORY_H
| #  include <memory.h>
| # endif
| # include <string.h>
| #endif
| #ifdef HAVE_STRINGS_H
| # include <strings.h>
| #endif
| #ifdef HAVE_INTTYPES_H
| # include <inttypes.h>
| #endif
| #ifdef HAVE_STDINT_H
| # include <stdint.h>
| #endif
| #ifdef HAVE_UNISTD_H
| # include <unistd.h>
| #endif
| int
| main ()
| {
| if (sizeof ((size_t)))
| 	    return 0;
|   ;
|   return 0;
| }
configure:13460: result: yes
configure:13611: checking for arc4random_buf (BSD or libbsd)
configure:13626: gcc -o conftest -g -O2 -Wall -Wextra -fexceptions -fno-strict-aliasing -Wmissing-prototypes -Wstrict-prototypes -pedantic -Wduplicated-cond -Wduplicated-branches -Wlogical-op -Wrestrict -Wnull-dereference -Wjump-misses-init -Wdouble-promotion -Wshadow -Wformat=2 -Wmisleading-indentation -fvisibility=hidden -DXML_ENABLE_VISIBILITY=1 -DHAVE_EXPAT_CONFIG_H  -fno-strict-aliasing conftest.c  >&5
conftest.c:30:9: warning: function declaration isn't a prototype [-Wstrict-prototypes]
   30 |     int main() {
      |         ^~~~
conftest.c: In function 'main':
conftest.c:31:7: warning: implicit declaration of function 'arc4random_buf' [-Wimplicit-function-declaration]
   31 |       arc4random_buf(NULL, 0U);
      |       ^~~~~~~~~~~~~~
/usr/bin/ld: /tmp/ccIGcKxc.o: in function `main':
/home/ubuntu/dbus-demo/code/expat-2.2.9/conftest.c:31: undefined reference to `arc4random_buf'
collect2: error: ld returned 1 exit status
configure:13626: $? = 1
configure: failed program was:
| /* confdefs.h */
| #define PACKAGE_NAME "expat"
| #define PACKAGE_TARNAME "expat"
| #define PACKAGE_VERSION "2.2.9"
| #define PACKAGE_STRING "expat 2.2.9"
| #define PACKAGE_BUGREPORT "expat-bugs@libexpat.org"
| #define PACKAGE_URL ""
| #define PACKAGE "expat"
| #define VERSION "2.2.9"
| #define STDC_HEADERS 1
| #define HAVE_SYS_TYPES_H 1
| #define HAVE_SYS_STAT_H 1
| #define HAVE_STDLIB_H 1
| #define HAVE_STRING_H 1
| #define HAVE_MEMORY_H 1
| #define HAVE_STRINGS_H 1
| #define HAVE_INTTYPES_H 1
| #define HAVE_STDINT_H 1
| #define HAVE_UNISTD_H 1
| #define HAVE_DLFCN_H 1
| #define LT_OBJDIR ".libs/"
| #define STDC_HEADERS 1
| #define BYTEORDER 1234
| /* end confdefs.h.  */
| 
|     #include <stdlib.h>  /* for arc4random_buf on BSD, for NULL */
|     #if defined(HAVE_LIBBSD)
|     # include <bsd/stdlib.h>
|     #endif
|     int main() {
|       arc4random_buf(NULL, 0U);
|       return 0;
|     }
| 
configure:13633: result: no
configure:13636: checking for arc4random (BSD, macOS or libbsd)
configure:13652: gcc -o conftest -g -O2 -Wall -Wextra -fexceptions -fno-strict-aliasing -Wmissing-prototypes -Wstrict-prototypes -pedantic -Wduplicated-cond -Wduplicated-branches -Wlogical-op -Wrestrict -Wnull-dereference -Wjump-misses-init -Wdouble-promotion -Wshadow -Wformat=2 -Wmisleading-indentation -fvisibility=hidden -DXML_ENABLE_VISIBILITY=1 -DHAVE_EXPAT_CONFIG_H  -fno-strict-aliasing conftest.c  >&5
conftest.c:31:12: warning: function declaration isn't a prototype [-Wstrict-prototypes]
   31 |        int main() {
      |            ^~~~
conftest.c: In function 'main':
conftest.c:32:11: warning: implicit declaration of function 'arc4random'; did you mean 'srandom'? [-Wimplicit-function-declaration]
   32 |           arc4random();
      |           ^~~~~~~~~~
      |           srandom
/usr/bin/ld: /tmp/ccef3h09.o: in function `main':
/home/ubuntu/dbus-demo/code/expat-2.2.9/conftest.c:32: undefined reference to `arc4random'
collect2: error: ld returned 1 exit status
configure:13652: $? = 1
configure: failed program was:
| /* confdefs.h */
| #define PACKAGE_NAME "expat"
| #define PACKAGE_TARNAME "expat"
| #define PACKAGE_VERSION "2.2.9"
| #define PACKAGE_STRING "expat 2.2.9"
| #define PACKAGE_BUGREPORT "expat-bugs@libexpat.org"
| #define PACKAGE_URL ""
| #define PACKAGE "expat"
| #define VERSION "2.2.9"
| #define STDC_HEADERS 1
| #define HAVE_SYS_TYPES_H 1
| #define HAVE_SYS_STAT_H 1
| #define HAVE_STDLIB_H 1
| #define HAVE_STRING_H 1
| #define HAVE_MEMORY_H 1
| #define HAVE_STRINGS_H 1
| #define HAVE_INTTYPES_H 1
| #define HAVE_STDINT_H 1
| #define HAVE_UNISTD_H 1
| #define HAVE_DLFCN_H 1
| #define LT_OBJDIR ".libs/"
| #define STDC_HEADERS 1
| #define BYTEORDER 1234
| /* end confdefs.h.  */
| 
|        #if defined(HAVE_LIBBSD)
|        # include <bsd/stdlib.h>
|        #else
|        # include <stdlib.h>
|        #endif
|        int main() {
|           arc4random();
|           return 0;
|        }
| 
configure:13659: result: no
configure:13678: checking for getrandom (Linux 3.17+, glibc 2.25+)
configure:13690: gcc -o conftest -g -O2 -Wall -Wextra -fexceptions -fno-strict-aliasing -Wmissing-prototypes -Wstrict-prototypes -pedantic -Wduplicated-cond -Wduplicated-branches -Wlogical-op -Wrestrict -Wnull-dereference -Wjump-misses-init -Wdouble-promotion -Wshadow -Wformat=2 -Wmisleading-indentation -fvisibility=hidden -DXML_ENABLE_VISIBILITY=1 -DHAVE_EXPAT_CONFIG_H  -fno-strict-aliasing conftest.c  >&5
conftest.c:28:12: warning: function declaration isn't a prototype [-Wstrict-prototypes]
   28 |        int main() {
      |            ^~~~
configure:13690: $? = 0
configure:13694: result: yes
configure:13717: checking for syscall SYS_getrandom (Linux 3.17+)
configure:13731: gcc -o conftest -g -O2 -Wall -Wextra -fexceptions -fno-strict-aliasing -Wmissing-prototypes -Wstrict-prototypes -pedantic -Wduplicated-cond -Wduplicated-branches -Wlogical-op -Wrestrict -Wnull-dereference -Wjump-misses-init -Wdouble-promotion -Wshadow -Wformat=2 -Wmisleading-indentation -fvisibility=hidden -DXML_ENABLE_VISIBILITY=1 -DHAVE_EXPAT_CONFIG_H  -fno-strict-aliasing conftest.c  >&5
conftest.c:30:12: warning: function declaration isn't a prototype [-Wstrict-prototypes]
   30 |        int main() {
      |            ^~~~
configure:13731: $? = 0
configure:13735: result: yes
configure:13751: checking fcntl.h usability
configure:13751: gcc -c -g -O2 -Wall -Wextra -fexceptions -fno-strict-aliasing -Wmissing-prototypes -Wstrict-prototypes -pedantic -Wduplicated-cond -Wduplicated-branches -Wlogical-op -Wrestrict -Wnull-dereference -Wjump-misses-init -Wdouble-promotion -Wshadow -Wformat=2 -Wmisleading-indentation -fvisibility=hidden -DXML_ENABLE_VISIBILITY=1 -DHAVE_EXPAT_CONFIG_H conftest.c >&5
configure:13751: $? = 0
configure:13751: result: yes
configure:13751: checking fcntl.h presence
configure:13751: gcc -E -DHAVE_EXPAT_CONFIG_H conftest.c
configure:13751: $? = 0
configure:13751: result: yes
configure:13751: checking for fcntl.h
configure:13751: result: yes
configure:13751: checking for unistd.h
configure:13751: result: yes
configure:13761: checking for off_t
configure:13761: gcc -c -g -O2 -Wall -Wextra -fexceptions -fno-strict-aliasing -Wmissing-prototypes -Wstrict-prototypes -pedantic -Wduplicated-cond -Wduplicated-branches -Wlogical-op -Wrestrict -Wnull-dereference -Wjump-misses-init -Wdouble-promotion -Wshadow -Wformat=2 -Wmisleading-indentation -fvisibility=hidden -DXML_ENABLE_VISIBILITY=1 -DHAVE_EXPAT_CONFIG_H conftest.c >&5
conftest.c:63:1: warning: function declaration isn't a prototype [-Wstrict-prototypes]
   63 | main ()
      | ^~~~
configure:13761: $? = 0
configure:13761: gcc -c -g -O2 -Wall -Wextra -fexceptions -fno-strict-aliasing -Wmissing-prototypes -Wstrict-prototypes -pedantic -Wduplicated-cond -Wduplicated-branches -Wlogical-op -Wrestrict -Wnull-dereference -Wjump-misses-init -Wdouble-promotion -Wshadow -Wformat=2 -Wmisleading-indentation -fvisibility=hidden -DXML_ENABLE_VISIBILITY=1 -DHAVE_EXPAT_CONFIG_H conftest.c >&5
conftest.c:63:1: warning: function declaration isn't a prototype [-Wstrict-prototypes]
   63 | main ()
      | ^~~~
conftest.c: In function 'main':
conftest.c:65:20: error: expected expression before ')' token
   65 | if (sizeof ((off_t)))
      |                    ^
configure:13761: $? = 1
configure: failed program was:
| /* confdefs.h */
| #define PACKAGE_NAME "expat"
| #define PACKAGE_TARNAME "expat"
| #define PACKAGE_VERSION "2.2.9"
| #define PACKAGE_STRING "expat 2.2.9"
| #define PACKAGE_BUGREPORT "expat-bugs@libexpat.org"
| #define PACKAGE_URL ""
| #define PACKAGE "expat"
| #define VERSION "2.2.9"
| #define STDC_HEADERS 1
| #define HAVE_SYS_TYPES_H 1
| #define HAVE_SYS_STAT_H 1
| #define HAVE_STDLIB_H 1
| #define HAVE_STRING_H 1
| #define HAVE_MEMORY_H 1
| #define HAVE_STRINGS_H 1
| #define HAVE_INTTYPES_H 1
| #define HAVE_STDINT_H 1
| #define HAVE_UNISTD_H 1
| #define HAVE_DLFCN_H 1
| #define LT_OBJDIR ".libs/"
| #define STDC_HEADERS 1
| #define BYTEORDER 1234
| #define HAVE_GETRANDOM 1
| #define HAVE_SYSCALL_GETRANDOM 1
| #define HAVE_FCNTL_H 1
| #define HAVE_UNISTD_H 1
| /* end confdefs.h.  */
| #include <stdio.h>
| #ifdef HAVE_SYS_TYPES_H
| # include <sys/types.h>
| #endif
| #ifdef HAVE_SYS_STAT_H
| # include <sys/stat.h>
| #endif
| #ifdef STDC_HEADERS
| # include <stdlib.h>
| # include <stddef.h>
| #else
| # ifdef HAVE_STDLIB_H
| #  include <stdlib.h>
| # endif
| #endif
| #ifdef HAVE_STRING_H
| # if !defined STDC_HEADERS && defined HAVE_MEMORY_H
| #  include <memory.h>
| # endif
| # include <string.h>
| #endif
| #ifdef HAVE_STRINGS_H
| # include <strings.h>
| #endif
| #ifdef HAVE_INTTYPES_H
| # include <inttypes.h>
| #endif
| #ifdef HAVE_STDINT_H
| # include <stdint.h>
| #endif
| #ifdef HAVE_UNISTD_H
| # include <unistd.h>
| #endif
| int
| main ()
| {
| if (sizeof ((off_t)))
| 	    return 0;
|   ;
|   return 0;
| }
configure:13761: result: yes
configure:13778: checking for stdlib.h
configure:13778: result: yes
configure:13778: checking for unistd.h
configure:13778: result: yes
configure:13778: checking for sys/param.h
configure:13778: gcc -c -g -O2 -Wall -Wextra -fexceptions -fno-strict-aliasing -Wmissing-prototypes -Wstrict-prototypes -pedantic -Wduplicated-cond -Wduplicated-branches -Wlogical-op -Wrestrict -Wnull-dereference -Wjump-misses-init -Wdouble-promotion -Wshadow -Wformat=2 -Wmisleading-indentation -fvisibility=hidden -DXML_ENABLE_VISIBILITY=1 -DHAVE_EXPAT_CONFIG_H conftest.c >&5
configure:13778: $? = 0
configure:13778: result: yes
configure:13798: checking for getpagesize
configure:13798: gcc -o conftest -g -O2 -Wall -Wextra -fexceptions -fno-strict-aliasing -Wmissing-prototypes -Wstrict-prototypes -pedantic -Wduplicated-cond -Wduplicated-branches -Wlogical-op -Wrestrict -Wnull-dereference -Wjump-misses-init -Wdouble-promotion -Wshadow -Wformat=2 -Wmisleading-indentation -fvisibility=hidden -DXML_ENABLE_VISIBILITY=1 -DHAVE_EXPAT_CONFIG_H  -fno-strict-aliasing conftest.c  >&5
conftest.c:55:1: warning: function declaration isn't a prototype [-Wstrict-prototypes]
   55 | char getpagesize ();
      | ^~~~
conftest.c:64:1: warning: function declaration isn't a prototype [-Wstrict-prototypes]
   64 | main ()
      | ^~~~
configure:13798: $? = 0
configure:13798: result: yes
configure:13807: checking for working mmap
configure:13954: gcc -o conftest -g -O2 -Wall -Wextra -fexceptions -fno-strict-aliasing -Wmissing-prototypes -Wstrict-prototypes -pedantic -Wduplicated-cond -Wduplicated-branches -Wlogical-op -Wrestrict -Wnull-dereference -Wjump-misses-init -Wdouble-promotion -Wshadow -Wformat=2 -Wmisleading-indentation -fvisibility=hidden -DXML_ENABLE_VISIBILITY=1 -DHAVE_EXPAT_CONFIG_H  -fno-strict-aliasing conftest.c  >&5
conftest.c:131:1: warning: function declaration isn't a prototype [-Wstrict-prototypes]
  131 | main ()
      | ^~~~
configure:13954: $? = 0
configure:13954: ./conftest
configure:13954: $? = 0
configure:13964: result: yes
configure:14037: checking for docbook2x-man
configure:14067: result: no
configure:14037: checking for db2x_docbook2man
configure:14067: result: no
configure:14037: checking for docbook2man
configure:14067: result: no
configure:14037: checking for docbook-to-man
configure:14067: result: no
configure:14204: checking that generated files are newer than configure
configure:14210: result: done
configure:14262: creating ./config.status

## ---------------------- ##
## Running config.status. ##
## ---------------------- ##

This file was extended by expat config.status 2.2.9, which was
generated by GNU Autoconf 2.69.  Invocation command line was

  CONFIG_FILES    = 
  CONFIG_HEADERS  = 
  CONFIG_LINKS    = 
  CONFIG_COMMANDS = 
  $ ./config.status 

on server

config.status:1186: creating Makefile
config.status:1186: creating expat.pc
config.status:1186: creating doc/Makefile
config.status:1186: creating examples/Makefile
config.status:1186: creating lib/Makefile
config.status:1186: creating tests/Makefile
config.status:1186: creating tests/benchmark/Makefile
config.status:1186: creating xmlwf/Makefile
config.status:1186: creating run.sh
config.status:1186: creating expat_config.h
config.status:1367: expat_config.h is unchanged
config.status:1415: executing depfiles commands
config.status:1492: cd examples       && sed -e '/# am--include-marker/d' Makefile         | make -f - am--depfiles
config.status:1497: $? = 0
config.status:1492: cd lib       && sed -e '/# am--include-marker/d' Makefile         | make -f - am--depfiles
config.status:1497: $? = 0
config.status:1492: cd tests       && sed -e '/# am--include-marker/d' Makefile         | make -f - am--depfiles
config.status:1497: $? = 0
config.status:1492: cd tests/benchmark       && sed -e '/# am--include-marker/d' Makefile         | make -f - am--depfiles
config.status:1497: $? = 0
config.status:1492: cd xmlwf       && sed -e '/# am--include-marker/d' Makefile         | make -f - am--depfiles
config.status:1497: $? = 0
config.status:1415: executing libtool commands

## ---------------- ##
## Cache variables. ##
## ---------------- ##

ac_cv_build=x86_64-pc-linux-gnu
ac_cv_c_bigendian=no
ac_cv_c_compiler_gnu=yes
ac_cv_c_const=yes
ac_cv_cxx_compiler_gnu=yes
ac_cv_env_CCC_set=
ac_cv_env_CCC_value=
ac_cv_env_CC_set=
ac_cv_env_CC_value=
ac_cv_env_CFLAGS_set=
ac_cv_env_CFLAGS_value=
ac_cv_env_CPPFLAGS_set=
ac_cv_env_CPPFLAGS_value=
ac_cv_env_CPP_set=
ac_cv_env_CPP_value=
ac_cv_env_CXXCPP_set=
ac_cv_env_CXXCPP_value=
ac_cv_env_CXXFLAGS_set=
ac_cv_env_CXXFLAGS_value=
ac_cv_env_CXX_set=
ac_cv_env_CXX_value=
ac_cv_env_DOCBOOK_TO_MAN_set=
ac_cv_env_DOCBOOK_TO_MAN_value=
ac_cv_env_LDFLAGS_set=
ac_cv_env_LDFLAGS_value=
ac_cv_env_LIBS_set=
ac_cv_env_LIBS_value=
ac_cv_env_LT_SYS_LIBRARY_PATH_set=
ac_cv_env_LT_SYS_LIBRARY_PATH_value=
ac_cv_env_build_alias_set=
ac_cv_env_build_alias_value=
ac_cv_env_host_alias_set=
ac_cv_env_host_alias_value=
ac_cv_env_target_alias_set=
ac_cv_env_target_alias_value=
ac_cv_func_getpagesize=yes
ac_cv_func_mmap_fixed_mapped=yes
ac_cv_header_dlfcn_h=yes
ac_cv_header_fcntl_h=yes
ac_cv_header_inttypes_h=yes
ac_cv_header_memory_h=yes
ac_cv_header_stdc=yes
ac_cv_header_stdint_h=yes
ac_cv_header_stdlib_h=yes
ac_cv_header_string_h=yes
ac_cv_header_strings_h=yes
ac_cv_header_sys_param_h=yes
ac_cv_header_sys_stat_h=yes
ac_cv_header_sys_types_h=yes
ac_cv_header_unistd_h=yes
ac_cv_host=x86_64-pc-linux-gnu
ac_cv_objext=o
ac_cv_path_EGREP='/usr/bin/grep -E'
ac_cv_path_FGREP='/usr/bin/grep -F'
ac_cv_path_GREP=/usr/bin/grep
ac_cv_path_SED=/usr/bin/sed
ac_cv_path_install='/usr/bin/install -c'
ac_cv_path_lt_DD=/usr/bin/dd
ac_cv_path_mkdir=/usr/bin/mkdir
ac_cv_prog_AWK=gawk
ac_cv_prog_CPP='gcc -E'
ac_cv_prog_CXXCPP='g++ -E'
ac_cv_prog_ac_ct_AR=ar
ac_cv_prog_ac_ct_CC=gcc
ac_cv_prog_ac_ct_CXX=g++
ac_cv_prog_ac_ct_MANIFEST_TOOL=mt
ac_cv_prog_ac_ct_OBJDUMP=objdump
ac_cv_prog_ac_ct_RANLIB=ranlib
ac_cv_prog_ac_ct_STRIP=strip
ac_cv_prog_cc_c89=
ac_cv_prog_cc_c99=
ac_cv_prog_cc_g=yes
ac_cv_prog_cxx_g=yes
ac_cv_prog_make_make_set=yes
ac_cv_type_off_t=yes
ac_cv_type_size_t=yes
am_cv_CC_dependencies_compiler_type=gcc3
am_cv_CXX_dependencies_compiler_type=gcc3
am_cv_ar_interface=ar
am_cv_make_support_nested_variables=yes
am_cv_prog_cc_c_o=yes
ax_cv_check_cflags___Wall=yes
ax_cv_check_cflags___Wdouble_promotion=yes
ax_cv_check_cflags___Wduplicated_branches=yes
ax_cv_check_cflags___Wduplicated_cond=yes
ax_cv_check_cflags___Wextra=yes
ax_cv_check_cflags___Wformat_2=yes
ax_cv_check_cflags___Wjump_misses_init=yes
ax_cv_check_cflags___Wlogical_op=yes
ax_cv_check_cflags___Wmisleading_indentation=yes
ax_cv_check_cflags___Wmissing_prototypes=yes
ax_cv_check_cflags___Wnull_dereference=yes
ax_cv_check_cflags___Wrestrict=yes
ax_cv_check_cflags___Wshadow=yes
ax_cv_check_cflags___Wstrict_prototypes=yes
ax_cv_check_cflags___fexceptions=yes
ax_cv_check_cflags___fno_strict_aliasing=yes
ax_cv_check_cflags___pedantic=yes
ax_cv_check_cxxflags___Wall=yes
ax_cv_check_cxxflags___Wextra=yes
ax_cv_check_cxxflags___fexceptions=yes
ax_cv_check_cxxflags___fno_strict_aliasing=yes
ax_cv_check_ldflags___fno_strict_aliasing=yes
expatcfg_cv_compiler_supports_visibility=yes
lt_cv_ar_at_file=@
lt_cv_archive_cmds_need_lc=no
lt_cv_deplibs_check_method=pass_all
lt_cv_file_magic_cmd='$MAGIC_CMD'
lt_cv_file_magic_test_file=
lt_cv_ld_reload_flag=-r
lt_cv_nm_interface='BSD nm'
lt_cv_objdir=.libs
lt_cv_path_LD=/usr/bin/ld
lt_cv_path_LDCXX='/usr/bin/ld -m elf_x86_64'
lt_cv_path_NM='/usr/bin/nm -B'
lt_cv_path_mainfest_tool=no
lt_cv_prog_compiler_c_o=yes
lt_cv_prog_compiler_c_o_CXX=yes
lt_cv_prog_compiler_pic='-fPIC -DPIC'
lt_cv_prog_compiler_pic_CXX='-fPIC -DPIC'
lt_cv_prog_compiler_pic_works=yes
lt_cv_prog_compiler_pic_works_CXX=yes
lt_cv_prog_compiler_rtti_exceptions=no
lt_cv_prog_compiler_static_works=yes
lt_cv_prog_compiler_static_works_CXX=yes
lt_cv_prog_gnu_ld=yes
lt_cv_prog_gnu_ldcxx=yes
lt_cv_sharedlib_from_linklib_cmd='printf %s\n'
lt_cv_shlibpath_overrides_runpath=yes
lt_cv_sys_global_symbol_pipe='sed -n -e '\''s/^.*[	 ]\([ABCDGIRSTW][ABCDGIRSTW]*\)[	 ][	 ]*\([_A-Za-z][_A-Za-z0-9]*\)$/\1 \2 \2/p'\'' | sed '\''/ __gnu_lto/d'\'''
lt_cv_sys_global_symbol_to_c_name_address='sed -n -e '\''s/^: \(.*\) .*$/  {"\1", (void *) 0},/p'\'' -e '\''s/^[ABCDGIRSTW][ABCDGIRSTW]* .* \(.*\)$/  {"\1", (void *) \&\1},/p'\'''
lt_cv_sys_global_symbol_to_c_name_address_lib_prefix='sed -n -e '\''s/^: \(.*\) .*$/  {"\1", (void *) 0},/p'\'' -e '\''s/^[ABCDGIRSTW][ABCDGIRSTW]* .* \(lib.*\)$/  {"\1", (void *) \&\1},/p'\'' -e '\''s/^[ABCDGIRSTW][ABCDGIRSTW]* .* \(.*\)$/  {"lib\1", (void *) \&\1},/p'\'''
lt_cv_sys_global_symbol_to_cdecl='sed -n -e '\''s/^T .* \(.*\)$/extern int \1();/p'\'' -e '\''s/^[ABCDGIRSTW][ABCDGIRSTW]* .* \(.*\)$/extern char \1;/p'\'''
lt_cv_sys_global_symbol_to_import=
lt_cv_sys_max_cmd_len=1572864
lt_cv_to_host_file_cmd=func_convert_file_noop
lt_cv_to_tool_file_cmd=func_convert_file_noop
lt_cv_truncate_bin='/usr/bin/dd bs=4096 count=1'

## ----------------- ##
## Output variables. ##
## ----------------- ##

ACLOCAL='${SHELL} /home/ubuntu/dbus-demo/code/expat-2.2.9/conftools/missing aclocal-1.16'
AMDEPBACKSLASH='\'
AMDEP_FALSE='#'
AMDEP_TRUE=''
AMTAR='$${TAR-tar}'
AM_BACKSLASH='\'
AM_DEFAULT_V='$(AM_DEFAULT_VERBOSITY)'
AM_DEFAULT_VERBOSITY='1'
AM_V='$(V)'
AR='ar'
AS='as'
AUTOCONF='${SHELL} /home/ubuntu/dbus-demo/code/expat-2.2.9/conftools/missing autoconf'
AUTOHEADER='${SHELL} /home/ubuntu/dbus-demo/code/expat-2.2.9/conftools/missing autoheader'
AUTOMAKE='${SHELL} /home/ubuntu/dbus-demo/code/expat-2.2.9/conftools/missing automake-1.16'
AWK='gawk'
CC='gcc'
CCDEPMODE='depmode=gcc3'
CFLAGS='-g -O2 -Wall -Wextra -fexceptions -fno-strict-aliasing -Wmissing-prototypes -Wstrict-prototypes -pedantic -Wduplicated-cond -Wduplicated-branches -Wlogical-op -Wrestrict -Wnull-dereference -Wjump-misses-init -Wdouble-promotion -Wshadow -Wformat=2 -Wmisleading-indentation -fvisibility=hidden -DXML_ENABLE_VISIBILITY=1'
CPP='gcc -E'
CPPFLAGS='-DHAVE_EXPAT_CONFIG_H'
CXX='g++'
CXXCPP='g++ -E'
CXXDEPMODE='depmode=gcc3'
CXXFLAGS='-g -O2 -Wall -Wextra -fexceptions -fno-strict-aliasing'
CYGPATH_W='echo'
DEFS='-DHAVE_CONFIG_H'
DEPDIR='.deps'
DLLTOOL='false'
DOCBOOK_TO_MAN=''
DSYMUTIL=''
DUMPBIN=''
ECHO_C=''
ECHO_N='-n'
ECHO_T=''
EGREP='/usr/bin/grep -E'
EXEEXT=''
FGREP='/usr/bin/grep -F'
FILEMAP='unixfilemap'
GREP='/usr/bin/grep'
INSTALL_DATA='${INSTALL} -m 644'
INSTALL_PROGRAM='${INSTALL}'
INSTALL_SCRIPT='${INSTALL}'
INSTALL_STRIP_PROGRAM='$(install_sh) -c -s'
LD='/usr/bin/ld -m elf_x86_64'
LDFLAGS=' -fno-strict-aliasing'
LIBAGE='6'
LIBCURRENT='7'
LIBOBJS=''
LIBREVISION='11'
LIBS=''
LIBTOOL='$(SHELL) $(top_builddir)/libtool'
LIPO=''
LN_S='ln -s'
LTLIBOBJS=''
LT_SYS_LIBRARY_PATH=''
MAKEINFO='${SHELL} /home/ubuntu/dbus-demo/code/expat-2.2.9/conftools/missing makeinfo'
MANIFEST_TOOL=':'
MINGW_FALSE=''
MINGW_TRUE='#'
MKDIR_P='/usr/bin/mkdir -p'
NM='/usr/bin/nm -B'
NMEDIT=''
OBJDUMP='objdump'
OBJEXT='o'
OTOOL64=''
OTOOL=''
PACKAGE='expat'
PACKAGE_BUGREPORT='expat-bugs@libexpat.org'
PACKAGE_NAME='expat'
PACKAGE_STRING='expat 2.2.9'
PACKAGE_TARNAME='expat'
PACKAGE_URL=''
PACKAGE_VERSION='2.2.9'
PATH_SEPARATOR=':'
RANLIB='ranlib'
SED='/usr/bin/sed'
SET_MAKE=''
SHELL='/bin/bash'
STRIP='strip'
UNICODE_FALSE=''
UNICODE_TRUE='#'
VERSION='2.2.9'
WITH_DOCBOOK_FALSE=''
WITH_DOCBOOK_TRUE='#'
WITH_EXAMPLES_FALSE='#'
WITH_EXAMPLES_TRUE=''
WITH_TESTS_FALSE='#'
WITH_TESTS_TRUE=''
WITH_XMLWF_FALSE='#'
WITH_XMLWF_TRUE=''
ac_ct_AR='ar'
ac_ct_CC='gcc'
ac_ct_CXX='g++'
ac_ct_DUMPBIN=''
am__EXEEXT_FALSE=''
am__EXEEXT_TRUE='#'
am__fastdepCC_FALSE='#'
am__fastdepCC_TRUE=''
am__fastdepCXX_FALSE='#'
am__fastdepCXX_TRUE=''
am__include='include'
am__isrc=''
am__leading_dot='.'
am__nodep='_no'
am__quote=''
am__tar='$${TAR-tar} chof - "$$tardir"'
am__untar='$${TAR-tar} xf -'
bindir='${exec_prefix}/bin'
build='x86_64-pc-linux-gnu'
build_alias=''
build_cpu='x86_64'
build_os='linux-gnu'
build_vendor='pc'
datadir='${datarootdir}'
datarootdir='${prefix}/share'
docdir='${datarootdir}/doc/${PACKAGE_TARNAME}'
dvidir='${docdir}'
exec_prefix='${prefix}'
host='x86_64-pc-linux-gnu'
host_alias=''
host_cpu='x86_64'
host_os='linux-gnu'
host_vendor='pc'
htmldir='${docdir}'
includedir='${prefix}/include'
infodir='${datarootdir}/info'
install_sh='${SHELL} /home/ubuntu/dbus-demo/code/expat-2.2.9/conftools/install-sh'
libdir='${exec_prefix}/lib'
libexecdir='${exec_prefix}/libexec'
localedir='${datarootdir}/locale'
localstatedir='${prefix}/var'
mandir='${datarootdir}/man'
mkdir_p='$(MKDIR_P)'
oldincludedir='/usr/include'
pdfdir='${docdir}'
prefix='/home/ubuntu/dbus-demo/lib/expat'
program_transform_name='s,x,x,'
psdir='${docdir}'
sbindir='${exec_prefix}/sbin'
sharedstatedir='${prefix}/com'
sysconfdir='${prefix}/etc'
target_alias=''

## ----------- ##
## confdefs.h. ##
## ----------- ##

/* confdefs.h */
#define PACKAGE_NAME "expat"
#define PACKAGE_TARNAME "expat"
#define PACKAGE_VERSION "2.2.9"
#define PACKAGE_STRING "expat 2.2.9"
#define PACKAGE_BUGREPORT "expat-bugs@libexpat.org"
#define PACKAGE_URL ""
#define PACKAGE "expat"
#define VERSION "2.2.9"
#define STDC_HEADERS 1
#define HAVE_SYS_TYPES_H 1
#define HAVE_SYS_STAT_H 1
#define HAVE_STDLIB_H 1
#define HAVE_STRING_H 1
#define HAVE_MEMORY_H 1
#define HAVE_STRINGS_H 1
#define HAVE_INTTYPES_H 1
#define HAVE_STDINT_H 1
#define HAVE_UNISTD_H 1
#define HAVE_DLFCN_H 1
#define LT_OBJDIR ".libs/"
#define STDC_HEADERS 1
#define BYTEORDER 1234
#define HAVE_GETRANDOM 1
#define HAVE_SYSCALL_GETRANDOM 1
#define HAVE_FCNTL_H 1
#define HAVE_UNISTD_H 1
#define HAVE_STDLIB_H 1
#define HAVE_UNISTD_H 1
#define HAVE_SYS_PARAM_H 1
#define HAVE_GETPAGESIZE 1
#define HAVE_MMAP 1
#define XML_NS 1
#define XML_DTD 1
#define XML_DEV_URANDOM 1
#define XML_CONTEXT_BYTES 1024

configure: exit 0
